
Cadence Innovus(TM) Implementation System.
Copyright 2021 Cadence Design Systems, Inc. All rights reserved worldwide.

Version:	v21.17-s075_1, built Wed Mar 15 11:17:40 PDT 2023
Options:	-file /scratch/cs199-cbc/rivet/examples/decoder/src/par-rundir/par.tcl 
Date:		Fri Aug 22 11:46:11 2025
Host:		eda-4.EECS.Berkeley.EDU (x86_64 w/Linux 4.18.0-553.69.1.el8_10.x86_64) (48cores*96cpus*AMD EPYC 9454 48-Core Processor 1024KB)
OS:		Red Hat Enterprise Linux 8.10 (Ootpa)

License:
		[11:46:11.499059] Configured Lic search path (21.01-s002): 5280@license-srv.eecs.berkeley.edu:2100@license-srv.eecs.berkeley.edu:1717@license-srv.eecs.berkeley.edu

		invs	Innovus Implementation System	21.1	checkout succeeded
		8 CPU jobs allowed with the current license(s). Use setMultiCpuUsage to set your required CPU count.
**WARN: (IMPSYT-1507):	The display is invalid and will start in no window mode
Change the soft stacksize limit to 0.2%RAM (1546 mbytes). Set global soft_stack_size_limit to change the value.

**INFO:  MMMC transition support version v31-84 

<CMD> set_global _enable_mmmc_by_default_flow      $CTE::mmmc_default
<CMD> suppressMessage ENCEXT-2799
<CMD> getVersion
[INFO] Loading Pegasus 22.14 fill procedures
**WARN: Tk package not loaded. The Pegasus fill DRC monitor is disabled.
Sourcing file "/scratch/cs199-cbc/rivet/examples/decoder/src/par-rundir/par.tcl" ...
<CMD> setDesignMode -process 130
##  Process: 130           (User Set)               
##     Node: (not set)                           

##  Check design process and node:  
##  Design tech node is not set.

Applying the recommended capacitance filtering threshold values for 130nm process node: total_c_th=0, relative_c_th=1 and coupling_c_th=0.4.
	These values will be used by all post-route extraction engines, including TQuantus, IQuantus and Quantus QRC extraction.
	Capacitance filtering mode(-capFilterMode option of the setExtractRCMode) is 'relAndCoup' for all engines.
	The accuracy mode for postRoute effortLevel low extraction will be set to 'standard'.
	Default value for EffortLevel(-effortLevel option of the setExtractRCMode) in postRoute extraction mode is 'low'.
**ERROR: (IMPSYT-6692):	Invalid return code while executing '/scratch/cs199-cbc/rivet/examples/decoder/src/par-rundir/par.tcl' was returned and script processing was stopped. Review the following error in '/scratch/cs199-cbc/rivet/examples/decoder/src/par-rundir/par.tcl' then restart.
**ERROR: (IMPSYT-6693):	Error message: /scratch/cs199-cbc/rivet/examples/decoder/src/par-rundir/par.tcl: invalid command name "set_app_options".

*** Memory Usage v#1 (Current mem = 959.641M, initial mem = 486.941M) ***
*** Message Summary: 0 warning(s), 2 error(s)

--- Ending "Innovus" (totcpu=0:00:12.8, real=0:00:35.0, mem=959.6M) ---
