

Working Directory = /scratch/cs199-cbc/rivet/examples/decoder/src/syn-rundir
QoS Summary for decoder
================================================================================
Metric                          final          
================================================================================
Slack (ps):                       772
  R2R (ps):                  no_value
  I2R (ps):                  no_value
  R2O (ps):                  no_value
  I2O (ps):                       772
  CG  (ps):                  no_value
TNS (ps):                           0
  R2R (ps):                  no_value
  I2R (ps):                  no_value
  R2O (ps):                  no_value
  I2O (ps):                         0
  CG  (ps):                  no_value
Failing Paths:                      0
Cell Area:                        777
Total Cell Area:                  777
Leaf Instances:                    46
Total Instances:                   46
Utilization (%):                 0.00
Tot. Net Length (um):        no_value
Avg. Net Length (um):        no_value
Route Overflow H (%):        no_value
Route Overflow V (%):        no_value
MBCI(%) (bits/gate) :            0.00
Norm Cong Hotspot Area:
  Max Cong:                  no_value
  Tot Cong:                  no_value
================================================================================
CPU  Runtime (h:m:s):        00:00:07
Real Runtime (h:m:s):        00:00:09
CPU  Elapsed (h:m:s):        00:00:10
Real Elapsed (h:m:s):        00:00:11
Memory (MB):                  1415.21
================================================================================
================================================================================
Flow Settings:
================================================================================
Total Runtime (h:m:s): 00:00:09
Total Memory (MB):     1415.21
Executable Version:    22.11-s104_1
================================================================================
Total Cell Area =  Cell Area + Physical Cell Area
Total Instances =  Leaf Instances + Physical Instances


