============================================================
  Generated by:           Genus(TM) Synthesis Solution 22.11-s104_1
  Generated on:           Aug 22 2025  01:34:57 pm
  Module:                 decoder
  Library domain:         ss_100C_1v60.setup_cond
    Domain index:         0
    Technology library:   sky130_ss_1.62_125 1.0
  Library domain:         tt_025C_1v80.extra_cond
    Domain index:         1
    Technology library:   sky130_tt_1.8_25 1.0
  Operating conditions:   ss_1.62_125 
  Operating conditions:   tt_1.8_25 
  Interconnect mode:      global
  Area mode:              physical library
============================================================

                                Leakage                      Library 
   Gate    Instances   Area   Power (nW)       Library        Domain 
---------------------------------------------------------------------
CLKAND2X2          6   57.132      3.596    sky130_tt_1.8_25       1 
INVX16            16  517.997     52.925    sky130_tt_1.8_25       1 
INVX2              6   34.279      1.559    sky130_tt_1.8_25       1 
NAND2X1            2   15.235      0.228    sky130_tt_1.8_25       1 
NAND2X2           15  142.830      0.949    sky130_tt_1.8_25       1 
OR2X2              1    9.522      0.193    sky130_tt_1.8_25       1 
---------------------------------------------------------------------
total             46  776.995     59.450                     


                                          Leakage  Leakage 
     Type      Instances   Area  Area % Power (nW) Power % 
-----------------------------------------------------------
inverter              22 552.276   71.1     54.484    91.6 
logic                 24 224.719   28.9      4.966     8.4 
physical_cells         0   0.000    0.0      0.000     0.0 
-----------------------------------------------------------
total                 46 776.995  100.0     59.450   100.0 

