============================================================
  Generated by:           Genus(TM) Synthesis Solution 21.17-s066_1
  Generated on:           Aug 22 2025  11:46:09 am
  Module:                 decoder
  Library domain:         ss_100C_1v60.setup_cond
    Domain index:         0
    Technology library:   sky130_ss_1.62_125 1.0
  Library domain:         tt_025C_1v80.extra_cond
    Domain index:         1
    Technology library:   sky130_tt_1.8_25 1.0
  Operating conditions:   ss_1.62_125 
  Operating conditions:   tt_1.8_25 
  Interconnect mode:      global
  Area mode:              physical library
============================================================

Timing
--------

     Analysis view      Clock Period 
-------------------------------------
ss_100C_1v60.setup_view clk   2000.0 


        Analysis          Cost   Critical        Violating 
          View           Group  Path Slack  TNS    Paths   
-----------------------------------------------------------
ss_100C_1v60.setup_view     clk      772.0  0.0          0 
                        default   No paths  0.0          0 
-----------------------------------------------------------
Total                                      -0.0          0 
                                                           

Instance Count
--------------
Leaf Instance Count             46 
Physical Instance count          0 
Sequential Instance Count        0 
Combinational Instance Count    46 
Hierarchical Instance Count      0 

Area
----
Cell Area                          776.995
Physical Cell Area                 0.000
Total Cell Area (Cell+Physical)    776.995
Net Area                           881.646
Total Area (Cell+Physical+Net)     1658.641

Runtime                            0.0 seconds
Elapsed Runtime                    9 seconds
Genus peak memory usage            1294.88 
Innovus peak memory usage          no_value 
Hostname                           eda-4.EECS.Berkeley.EDU
